2020-10-29 18:27:08.296  INFO 3480 --- [restartedMain] com.project.n1.demo.DemoApplication      : Starting DemoApplication on PS2019NHTCDQCN with PID 3480 (D:\Project\pro01\target\classes started by Admin in D:\Project\pro01)
2020-10-29 18:27:08.296  INFO 3480 --- [restartedMain] com.project.n1.demo.DemoApplication      : No active profile set, falling back to default profiles: default
2020-10-29 18:27:08.512  INFO 3480 --- [restartedMain] o.s.b.w.embedded.tomcat.TomcatWebServer  : Tomcat initialized with port(s): 8887 (http)
2020-10-29 18:27:08.513  INFO 3480 --- [restartedMain] o.apache.catalina.core.StandardService   : Starting service [Tomcat]
2020-10-29 18:27:08.513  INFO 3480 --- [restartedMain] org.apache.catalina.core.StandardEngine  : Starting Servlet engine: [Apache Tomcat/9.0.37]
2020-10-29 18:27:08.530  INFO 3480 --- [restartedMain] o.a.c.c.C.[Tomcat].[localhost].[/]       : Initializing Spring embedded WebApplicationContext
2020-10-29 18:27:08.530  INFO 3480 --- [restartedMain] w.s.c.ServletWebServerApplicationContext : Root WebApplicationContext: initialization completed in 233 ms
2020-10-29 18:27:08.552  INFO 3480 --- [restartedMain] c.a.d.s.b.a.DruidDataSourceAutoConfigure : Init DruidDataSource
2020-10-29 18:27:08.570  INFO 3480 --- [restartedMain] com.alibaba.druid.pool.DruidDataSource   : {dataSource-2} inited
2020-10-29 18:27:08.684  INFO 3480 --- [restartedMain] o.s.s.concurrent.ThreadPoolTaskExecutor  : Initializing ExecutorService 'applicationTaskExecutor'
2020-10-29 18:27:08.695  INFO 3480 --- [restartedMain] o.s.b.a.w.s.WelcomePageHandlerMapping    : Adding welcome page template: index
2020-10-29 18:27:08.735  INFO 3480 --- [restartedMain] o.f.c.internal.database.DatabaseFactory  : Database: jdbc:mysql://localhost:3306/user (MySQL 5.7)
2020-10-29 18:27:08.745  INFO 3480 --- [restartedMain] o.f.core.internal.command.DbValidate     : Successfully validated 5 migrations (execution time 00:00.005s)
2020-10-29 18:27:08.749  INFO 3480 --- [restartedMain] o.f.core.internal.command.DbMigrate      : Current version of schema `user`: 5
2020-10-29 18:27:08.750  WARN 3480 --- [restartedMain] o.f.core.internal.command.DbMigrate      : Schema `user` has a version (5) that is newer than the latest available migration (4) !
2020-10-29 18:27:08.750  WARN 3480 --- [restartedMain] o.f.core.internal.command.DbMigrate      : Schema `user` contains a failed future migration to version 5 !
2020-10-29 18:27:08.750  INFO 3480 --- [restartedMain] o.f.core.internal.command.DbMigrate      : Schema `user` is up to date. No migration necessary.
2020-10-29 18:27:08.769  INFO 3480 --- [restartedMain] o.s.b.d.a.OptionalLiveReloadServer       : LiveReload server is running on port 35729
2020-10-29 18:27:08.780  INFO 3480 --- [restartedMain] o.s.b.w.embedded.tomcat.TomcatWebServer  : Tomcat started on port(s): 8887 (http) with context path ''
2020-10-29 18:27:08.784  INFO 3480 --- [restartedMain] com.project.n1.demo.DemoApplication      : Started DemoApplication in 0.507 seconds (JVM running for 126.356)
2020-10-29 18:27:08.785  INFO 3480 --- [restartedMain] .ConditionEvaluationDeltaLoggingListener : Condition evaluation unchanged
2020-10-29 18:27:19.570  INFO 2228 --- [restartedMain] com.project.n1.demo.DemoApplication      : Starting DemoApplication on PS2019NHTCDQCN with PID 2228 (D:\Project\pro01\target\classes started by Admin in D:\Project\pro01)
2020-10-29 18:27:19.572  INFO 2228 --- [restartedMain] com.project.n1.demo.DemoApplication      : No active profile set, falling back to default profiles: default
2020-10-29 18:27:20.504  INFO 2228 --- [restartedMain] o.s.b.w.embedded.tomcat.TomcatWebServer  : Tomcat initialized with port(s): 8887 (http)
2020-10-29 18:27:20.510  INFO 2228 --- [restartedMain] o.apache.catalina.core.StandardService   : Starting service [Tomcat]
2020-10-29 18:27:20.510  INFO 2228 --- [restartedMain] org.apache.catalina.core.StandardEngine  : Starting Servlet engine: [Apache Tomcat/9.0.37]
2020-10-29 18:27:20.573  INFO 2228 --- [restartedMain] o.a.c.c.C.[Tomcat].[localhost].[/]       : Initializing Spring embedded WebApplicationContext
2020-10-29 18:27:20.573  INFO 2228 --- [restartedMain] w.s.c.ServletWebServerApplicationContext : Root WebApplicationContext: initialization completed in 962 ms
2020-10-29 18:27:20.668  INFO 2228 --- [restartedMain] c.a.d.s.b.a.DruidDataSourceAutoConfigure : Init DruidDataSource
2020-10-29 18:27:20.750  INFO 2228 --- [restartedMain] com.alibaba.druid.pool.DruidDataSource   : {dataSource-1} inited
2020-10-29 18:27:21.047  INFO 2228 --- [restartedMain] o.s.s.concurrent.ThreadPoolTaskExecutor  : Initializing ExecutorService 'applicationTaskExecutor'
2020-10-29 18:27:21.125  INFO 2228 --- [restartedMain] o.s.b.a.w.s.WelcomePageHandlerMapping    : Adding welcome page template: index
2020-10-29 18:27:21.231  INFO 2228 --- [restartedMain] o.f.c.internal.license.VersionPrinter    : Flyway Community Edition 6.4.4 by Redgate
2020-10-29 18:27:21.357  INFO 2228 --- [restartedMain] o.f.c.internal.database.DatabaseFactory  : Database: jdbc:mysql://localhost:3306/user (MySQL 5.7)
2020-10-29 18:27:21.386  INFO 2228 --- [restartedMain] o.f.core.internal.command.DbValidate     : Successfully validated 5 migrations (execution time 00:00.015s)
2020-10-29 18:27:21.391  INFO 2228 --- [restartedMain] o.f.core.internal.command.DbMigrate      : Current version of schema `user`: 5
2020-10-29 18:27:21.391  WARN 2228 --- [restartedMain] o.f.core.internal.command.DbMigrate      : Schema `user` has a version (5) that is newer than the latest available migration (4) !
2020-10-29 18:27:21.391  WARN 2228 --- [restartedMain] o.f.core.internal.command.DbMigrate      : Schema `user` contains a failed future migration to version 5 !
2020-10-29 18:27:21.392  INFO 2228 --- [restartedMain] o.f.core.internal.command.DbMigrate      : Schema `user` is up to date. No migration necessary.
2020-10-29 18:27:21.433  INFO 2228 --- [restartedMain] o.s.b.d.a.OptionalLiveReloadServer       : LiveReload server is running on port 35729
2020-10-29 18:27:21.464  INFO 2228 --- [restartedMain] o.s.b.w.embedded.tomcat.TomcatWebServer  : Tomcat started on port(s): 8887 (http) with context path ''
2020-10-29 18:27:21.473  INFO 2228 --- [restartedMain] com.project.n1.demo.DemoApplication      : Started DemoApplication in 2.192 seconds (JVM running for 2.744)
